2018-06-28 13:49:48.805+0000 WARN [o.n.k.i.JvmChecker] You are using an unsupported version of the Java runtime. Please use Oracle(R) Java(TM) Runtime Environment 8, OpenJDK(TM) 8 or IBM J9.
2018-06-28 13:49:48.849+0000 WARN [o.n.i.p.PageCache] The dbms.memory.pagecache.size setting has not been configured. It is recommended that this setting is always explicitly configured, to ensure the system has a balanced configuration. Until then, a computed heuristic value of 6402799616 bytes will be used instead. Run `neo4j-admin memrec` for memory configuration suggestions.
2018-06-28 13:49:49.217+0000 INFO [o.n.k.i.f.CommunityEditionModule] No locking implementation specified, defaulting to 'community'
2018-06-28 13:49:49.408+0000 INFO [o.n.k.AvailabilityGuard] Requirement makes database unavailable: Database available
2018-06-28 13:49:49.429+0000 INFO [o.n.k.i.DiagnosticsManager] --- INITIALIZED diagnostics START ---
2018-06-28 13:49:49.429+0000 INFO [o.n.k.i.DiagnosticsManager] Neo4j Kernel properties:
2018-06-28 13:49:49.430+0000 INFO [o.n.k.i.DiagnosticsManager] unsupported.dbms.directories.neo4j_home=C:\Users\keys9\Documents\Projects\Demo\data
2018-06-28 13:49:49.430+0000 INFO [o.n.k.i.DiagnosticsManager] unsupported.dbms.edition=community
2018-06-28 13:49:49.430+0000 INFO [o.n.k.i.DiagnosticsManager] unsupported.dbms.ephemeral=false
2018-06-28 13:49:49.430+0000 INFO [o.n.k.i.DiagnosticsManager] Diagnostics providers:
2018-06-28 13:49:49.430+0000 INFO [o.n.k.i.DiagnosticsManager] org.neo4j.kernel.configuration.Config
2018-06-28 13:49:49.430+0000 INFO [o.n.k.i.DiagnosticsManager] org.neo4j.kernel.info.DiagnosticsManager
2018-06-28 13:49:49.430+0000 INFO [o.n.k.i.DiagnosticsManager] SYSTEM_MEMORY
2018-06-28 13:49:49.430+0000 INFO [o.n.k.i.DiagnosticsManager] JAVA_MEMORY
2018-06-28 13:49:49.430+0000 INFO [o.n.k.i.DiagnosticsManager] OPERATING_SYSTEM
2018-06-28 13:49:49.430+0000 INFO [o.n.k.i.DiagnosticsManager] JAVA_VIRTUAL_MACHINE
2018-06-28 13:49:49.431+0000 INFO [o.n.k.i.DiagnosticsManager] CLASSPATH
2018-06-28 13:49:49.431+0000 INFO [o.n.k.i.DiagnosticsManager] LIBRARY_PATH
2018-06-28 13:49:49.431+0000 INFO [o.n.k.i.DiagnosticsManager] SYSTEM_PROPERTIES
2018-06-28 13:49:49.431+0000 INFO [o.n.k.i.DiagnosticsManager] NETWORK
2018-06-28 13:49:49.431+0000 INFO [o.n.k.i.DiagnosticsManager] System memory information:
2018-06-28 13:49:49.434+0000 INFO [o.n.k.i.DiagnosticsManager] Total Physical memory: 15.90 GB
2018-06-28 13:49:49.434+0000 INFO [o.n.k.i.DiagnosticsManager] Free Physical memory: 6.82 GB
2018-06-28 13:49:49.435+0000 INFO [o.n.k.i.DiagnosticsManager] Committed virtual memory: 402.83 MB
2018-06-28 13:49:49.435+0000 INFO [o.n.k.i.DiagnosticsManager] Total swap space: 19.28 GB
2018-06-28 13:49:49.435+0000 INFO [o.n.k.i.DiagnosticsManager] Free swap space: 2.34 GB
2018-06-28 13:49:49.435+0000 INFO [o.n.k.i.DiagnosticsManager] JVM memory information:
2018-06-28 13:49:49.435+0000 INFO [o.n.k.i.DiagnosticsManager] Free  memory: 225.67 MB
2018-06-28 13:49:49.435+0000 INFO [o.n.k.i.DiagnosticsManager] Total memory: 256.00 MB
2018-06-28 13:49:49.435+0000 INFO [o.n.k.i.DiagnosticsManager] Max   memory: 3.98 GB
2018-06-28 13:49:49.460+0000 INFO [o.n.k.i.DiagnosticsManager] Garbage Collector: G1 Young Generation: [G1 Eden Space, G1 Survivor Space]
2018-06-28 13:49:49.460+0000 INFO [o.n.k.i.DiagnosticsManager] Garbage Collector: G1 Old Generation: [G1 Eden Space, G1 Survivor Space, G1 Old Gen]
2018-06-28 13:49:49.461+0000 INFO [o.n.k.i.DiagnosticsManager] Memory Pool: CodeHeap 'non-nmethods' (Non-heap memory): committed=2.44 MB, used=1.25 MB, max=5.63 MB, threshold=0.00 B
2018-06-28 13:49:49.462+0000 INFO [o.n.k.i.DiagnosticsManager] Memory Pool: Metaspace (Non-heap memory): committed=17.38 MB, used=16.42 MB, max=-1.00 B, threshold=0.00 B
2018-06-28 13:49:49.462+0000 INFO [o.n.k.i.DiagnosticsManager] Memory Pool: CodeHeap 'profiled nmethods' (Non-heap memory): committed=3.63 MB, used=3.58 MB, max=117.19 MB, threshold=0.00 B
2018-06-28 13:49:49.462+0000 INFO [o.n.k.i.DiagnosticsManager] Memory Pool: Compressed Class Space (Non-heap memory): committed=2.13 MB, used=1.86 MB, max=1.00 GB, threshold=0.00 B
2018-06-28 13:49:49.462+0000 INFO [o.n.k.i.DiagnosticsManager] Memory Pool: G1 Eden Space (Heap memory): committed=46.00 MB, used=14.00 MB, max=-1.00 B, threshold=?
2018-06-28 13:49:49.462+0000 INFO [o.n.k.i.DiagnosticsManager] Memory Pool: G1 Old Gen (Heap memory): committed=207.00 MB, used=13.33 MB, max=3.98 GB, threshold=0.00 B
2018-06-28 13:49:49.463+0000 INFO [o.n.k.i.DiagnosticsManager] Memory Pool: G1 Survivor Space (Heap memory): committed=3.00 MB, used=3.00 MB, max=-1.00 B, threshold=?
2018-06-28 13:49:49.463+0000 INFO [o.n.k.i.DiagnosticsManager] Memory Pool: CodeHeap 'non-profiled nmethods' (Non-heap memory): committed=2.44 MB, used=725.63 kB, max=117.19 MB, threshold=0.00 B
2018-06-28 13:49:49.463+0000 INFO [o.n.k.i.DiagnosticsManager] Operating system information:
2018-06-28 13:49:49.464+0000 INFO [o.n.k.i.DiagnosticsManager] Operating System: Windows 10; version: 10.0; arch: amd64; cpus: 8
2018-06-28 13:49:49.491+0000 INFO [o.n.k.i.DiagnosticsManager] Process id: 21396@DESKTOP-N86ULKF
2018-06-28 13:49:49.491+0000 INFO [o.n.k.i.DiagnosticsManager] Byte order: LITTLE_ENDIAN
2018-06-28 13:49:49.510+0000 INFO [o.n.k.i.DiagnosticsManager] Local timezone: Asia/Shanghai
2018-06-28 13:49:49.510+0000 INFO [o.n.k.i.DiagnosticsManager] JVM information:
2018-06-28 13:49:49.511+0000 INFO [o.n.k.i.DiagnosticsManager] VM Name: Java HotSpot(TM) 64-Bit Server VM
2018-06-28 13:49:49.511+0000 INFO [o.n.k.i.DiagnosticsManager] VM Vendor: Oracle Corporation
2018-06-28 13:49:49.511+0000 INFO [o.n.k.i.DiagnosticsManager] VM Version: 9.0.1+11
2018-06-28 13:49:49.511+0000 INFO [o.n.k.i.DiagnosticsManager] JIT compiler: HotSpot 64-Bit Tiered Compilers
2018-06-28 13:49:49.511+0000 INFO [o.n.k.i.DiagnosticsManager] VM Arguments: [-javaagent:C:\Program Files\JetBrains\IntelliJ IDEA 2018.1.2\lib\idea_rt.jar=62998:C:\Program Files\JetBrains\IntelliJ IDEA 2018.1.2\bin, -Dfile.encoding=UTF-8]
2018-06-28 13:49:49.511+0000 INFO [o.n.k.i.DiagnosticsManager] Java classpath:
2018-06-28 13:49:49.630+0000 INFO [o.n.k.i.DiagnosticsManager]  [classpath] C:\Users\keys9\.m2\repository\org\neo4j\neo4j-primitive-collections\3.3.6\neo4j-primitive-collections-3.3.6.jar
2018-06-28 13:49:49.630+0000 INFO [o.n.k.i.DiagnosticsManager]  [classpath] C:\Users\keys9\.m2\repository\org\bouncycastle\bcpkix-jdk15on\1.53\bcpkix-jdk15on-1.53.jar
2018-06-28 13:49:49.630+0000 INFO [o.n.k.i.DiagnosticsManager]  [classpath] C:\Users\keys9\.m2\repository\com\github\ben-manes\caffeine\caffeine\2.3.3\caffeine-2.3.3.jar
2018-06-28 13:49:49.630+0000 INFO [o.n.k.i.DiagnosticsManager]  [classpath] C:\Users\keys9\.m2\repository\org\ow2\asm\asm-util\5.2\asm-util-5.2.jar
2018-06-28 13:49:49.630+0000 INFO [o.n.k.i.DiagnosticsManager]  [classpath] C:\Users\keys9\Documents\Projects\Demo\target\classes
2018-06-28 13:49:49.630+0000 INFO [o.n.k.i.DiagnosticsManager]  [classpath] C:\Users\keys9\.m2\repository\org\neo4j\neo4j-csv\3.3.6\neo4j-csv-3.3.6.jar
2018-06-28 13:49:49.631+0000 INFO [o.n.k.i.DiagnosticsManager]  [classpath] C:\Users\keys9\.m2\repository\org\neo4j\neo4j-import-tool\3.3.6\neo4j-import-tool-3.3.6.jar
2018-06-28 13:49:49.631+0000 INFO [o.n.k.i.DiagnosticsManager]  [classpath] C:\Users\keys9\.m2\repository\org\neo4j\neo4j-jmx\3.3.6\neo4j-jmx-3.3.6.jar
2018-06-28 13:49:49.631+0000 INFO [o.n.k.i.DiagnosticsManager]  [classpath] C:\Users\keys9\.m2\repository\org\neo4j\neo4j-dbms\3.3.6\neo4j-dbms-3.3.6.jar
2018-06-28 13:49:49.631+0000 INFO [o.n.k.i.DiagnosticsManager]  [classpath] C:\Users\keys9\.m2\repository\org\neo4j\neo4j-cypher-ir-3.2\3.2.11\neo4j-cypher-ir-3.2-3.2.11.jar
2018-06-28 13:49:49.631+0000 INFO [o.n.k.i.DiagnosticsManager]  [classpath] C:\Users\keys9\.m2\repository\org\neo4j\neo4j-graphdb-api\3.3.6\neo4j-graphdb-api-3.3.6.jar
2018-06-28 13:49:49.631+0000 INFO [o.n.k.i.DiagnosticsManager]  [classpath] C:\Users\keys9\.m2\repository\org\neo4j\neo4j-cypher-compiler-3.3\3.3.6\neo4j-cypher-compiler-3.3-3.3.6.jar
2018-06-28 13:49:49.631+0000 INFO [o.n.k.i.DiagnosticsManager]  [classpath] C:\Users\keys9\.m2\repository\org\neo4j\neo4j-kernel\3.3.6\neo4j-kernel-3.3.6.jar
2018-06-28 13:49:49.631+0000 INFO [o.n.k.i.DiagnosticsManager]  [classpath] C:\Users\keys9\.m2\repository\org\ow2\asm\asm-analysis\5.2\asm-analysis-5.2.jar
2018-06-28 13:49:49.631+0000 INFO [o.n.k.i.DiagnosticsManager]  [classpath] C:\Users\keys9\.m2\repository\org\apache\commons\commons-text\1.1\commons-text-1.1.jar
2018-06-28 13:49:49.631+0000 INFO [o.n.k.i.DiagnosticsManager]  [classpath] C:\Users\keys9\.m2\repository\org\neo4j\neo4j-cypher-compiler-2.3\2.3.12\neo4j-cypher-compiler-2.3-2.3.12.jar
2018-06-28 13:49:49.631+0000 INFO [o.n.k.i.DiagnosticsManager]  [classpath] C:\Users\keys9\.m2\repository\org\neo4j\neo4j-index\3.3.6\neo4j-index-3.3.6.jar
2018-06-28 13:49:49.631+0000 INFO [o.n.k.i.DiagnosticsManager]  [classpath] C:\Users\keys9\.m2\repository\org\neo4j\neo4j-ssl\3.3.6\neo4j-ssl-3.3.6.jar
2018-06-28 13:49:49.631+0000 INFO [o.n.k.i.DiagnosticsManager]  [classpath] C:\Users\keys9\.m2\repository\org\neo4j\neo4j-configuration\3.3.6\neo4j-configuration-3.3.6.jar
2018-06-28 13:49:49.631+0000 INFO [o.n.k.i.DiagnosticsManager]  [classpath] C:\Users\keys9\.m2\repository\net\sf\opencsv\opencsv\2.3\opencsv-2.3.jar
2018-06-28 13:49:49.632+0000 INFO [o.n.k.i.DiagnosticsManager]  [classpath] C:\Users\keys9\.m2\repository\org\neo4j\neo4j-graph-matching\3.1.6\neo4j-graph-matching-3.1.6.jar
2018-06-28 13:49:49.632+0000 INFO [o.n.k.i.DiagnosticsManager]  [classpath] C:\Users\keys9\.m2\repository\org\neo4j\neo4j-logging\3.3.6\neo4j-logging-3.3.6.jar
2018-06-28 13:49:49.632+0000 INFO [o.n.k.i.DiagnosticsManager]  [classpath] C:\Users\keys9\.m2\repository\org\apache\commons\commons-lang3\3.5\commons-lang3-3.5.jar
2018-06-28 13:49:49.632+0000 INFO [o.n.k.i.DiagnosticsManager]  [classpath] C:\Users\keys9\.m2\repository\org\neo4j\neo4j-cypher-compiler-3.1\3.1.8\neo4j-cypher-compiler-3.1-3.1.8.jar
2018-06-28 13:49:49.632+0000 INFO [o.n.k.i.DiagnosticsManager]  [classpath] C:\Users\keys9\.m2\repository\org\parboiled\parboiled-core\1.1.7\parboiled-core-1.1.7.jar
2018-06-28 13:49:49.632+0000 INFO [o.n.k.i.DiagnosticsManager]  [classpath] C:\Users\keys9\.m2\repository\org\neo4j\neo4j-lucene-upgrade\3.3.6\neo4j-lucene-upgrade-3.3.6.jar
2018-06-28 13:49:49.632+0000 INFO [o.n.k.i.DiagnosticsManager]  [classpath] C:\Users\keys9\.m2\repository\org\neo4j\neo4j-cypher-frontend-3.2\3.2.11\neo4j-cypher-frontend-3.2-3.2.11.jar
2018-06-28 13:49:49.632+0000 INFO [o.n.k.i.DiagnosticsManager]  [classpath] C:\Users\keys9\.m2\repository\org\apache\lucene\lucene-codecs\5.5.0\lucene-codecs-5.5.0.jar
2018-06-28 13:49:49.632+0000 INFO [o.n.k.i.DiagnosticsManager]  [classpath] C:\Users\keys9\.m2\repository\org\apache\lucene\lucene-analyzers-common\5.5.0\lucene-analyzers-common-5.5.0.jar
2018-06-28 13:49:49.632+0000 INFO [o.n.k.i.DiagnosticsManager]  [classpath] C:\Users\keys9\.m2\repository\org\neo4j\neo4j-cypher-frontend-2.3\2.3.12\neo4j-cypher-frontend-2.3-2.3.12.jar
2018-06-28 13:49:49.632+0000 INFO [o.n.k.i.DiagnosticsManager]  [classpath] C:\Users\keys9\.m2\repository\org\ow2\asm\asm-tree\5.2\asm-tree-5.2.jar
2018-06-28 13:49:49.632+0000 INFO [o.n.k.i.DiagnosticsManager]  [classpath] C:\Users\keys9\.m2\repository\org\scala-lang\scala-reflect\2.11.12\scala-reflect-2.11.12.jar
2018-06-28 13:49:49.632+0000 INFO [o.n.k.i.DiagnosticsManager]  [classpath] C:\Users\keys9\.m2\repository\org\apache\lucene\lucene-backward-codecs\5.5.0\lucene-backward-codecs-5.5.0.jar
2018-06-28 13:49:49.632+0000 INFO [o.n.k.i.DiagnosticsManager]  [classpath] C:\Users\keys9\.m2\repository\org\neo4j\neo4j-udc\3.3.6\neo4j-udc-3.3.6.jar
2018-06-28 13:49:49.632+0000 INFO [o.n.k.i.DiagnosticsManager]  [classpath] C:\Users\keys9\.m2\repository\org\neo4j\neo4j-collections\3.3.6\neo4j-collections-3.3.6.jar
2018-06-28 13:49:49.632+0000 INFO [o.n.k.i.DiagnosticsManager]  [classpath] C:\Users\keys9\.m2\repository\org\apache\lucene\lucene-core\5.5.0\lucene-core-5.5.0.jar
2018-06-28 13:49:49.632+0000 INFO [o.n.k.i.DiagnosticsManager]  [classpath] C:\Users\keys9\.m2\repository\org\neo4j\neo4j\3.3.6\neo4j-3.3.6.jar
2018-06-28 13:49:49.632+0000 INFO [o.n.k.i.DiagnosticsManager]  [classpath] C:\Users\keys9\.m2\repository\org\neo4j\neo4j-cypher\3.3.6\neo4j-cypher-3.3.6.jar
2018-06-28 13:49:49.633+0000 INFO [o.n.k.i.DiagnosticsManager]  [classpath] C:\Users\keys9\.m2\repository\org\neo4j\neo4j-codegen\3.3.6\neo4j-codegen-3.3.6.jar
2018-06-28 13:49:49.633+0000 INFO [o.n.k.i.DiagnosticsManager]  [classpath] C:\Users\keys9\.m2\repository\org\neo4j\neo4j-io\3.3.6\neo4j-io-3.3.6.jar
2018-06-28 13:49:49.633+0000 INFO [o.n.k.i.DiagnosticsManager]  [classpath] C:\Users\keys9\.m2\repository\io\netty\netty-all\4.1.21.Final\netty-all-4.1.21.Final.jar
2018-06-28 13:49:49.633+0000 INFO [o.n.k.i.DiagnosticsManager]  [classpath] C:\Users\keys9\.m2\repository\org\neo4j\neo4j-graph-algo\3.3.6\neo4j-graph-algo-3.3.6.jar
2018-06-28 13:49:49.633+0000 INFO [o.n.k.i.DiagnosticsManager]  [classpath] C:\Users\keys9\.m2\repository\org\neo4j\neo4j-cypher-compiler-3.2\3.2.11\neo4j-cypher-compiler-3.2-3.2.11.jar
2018-06-28 13:49:49.633+0000 INFO [o.n.k.i.DiagnosticsManager]  [classpath] C:\Users\keys9\.m2\repository\org\parboiled\parboiled-scala_2.11\1.1.7\parboiled-scala_2.11-1.1.7.jar
2018-06-28 13:49:49.633+0000 INFO [o.n.k.i.DiagnosticsManager]  [classpath] C:\Users\keys9\.m2\repository\org\neo4j\neo4j-command-line\3.3.6\neo4j-command-line-3.3.6.jar
2018-06-28 13:49:49.633+0000 INFO [o.n.k.i.DiagnosticsManager]  [classpath] C:\Users\keys9\.m2\repository\org\neo4j\neo4j-consistency-check\3.3.6\neo4j-consistency-check-3.3.6.jar
2018-06-28 13:49:49.633+0000 INFO [o.n.k.i.DiagnosticsManager]  [classpath] C:\Users\keys9\.m2\repository\org\neo4j\neo4j-resource\3.3.6\neo4j-resource-3.3.6.jar
2018-06-28 13:49:49.633+0000 INFO [o.n.k.i.DiagnosticsManager]  [classpath] C:\Users\keys9\.m2\repository\org\bouncycastle\bcprov-jdk15on\1.53\bcprov-jdk15on-1.53.jar
2018-06-28 13:49:49.633+0000 INFO [o.n.k.i.DiagnosticsManager]  [classpath] C:\Users\keys9\.m2\repository\org\neo4j\neo4j-cypher-frontend-3.3\3.3.6\neo4j-cypher-frontend-3.3-3.3.6.jar
2018-06-28 13:49:49.633+0000 INFO [o.n.k.i.DiagnosticsManager]  [classpath] C:\Users\keys9\.m2\repository\org\apache\lucene\lucene-queryparser\5.5.0\lucene-queryparser-5.5.0.jar
2018-06-28 13:49:49.633+0000 INFO [o.n.k.i.DiagnosticsManager]  [classpath] C:\Users\keys9\.m2\repository\org\ow2\asm\asm\5.2\asm-5.2.jar
2018-06-28 13:49:49.633+0000 INFO [o.n.k.i.DiagnosticsManager]  [classpath] C:\Users\keys9\.m2\repository\org\neo4j\neo4j-lucene-index\3.3.6\neo4j-lucene-index-3.3.6.jar
2018-06-28 13:49:49.633+0000 INFO [o.n.k.i.DiagnosticsManager]  [classpath] C:\Users\keys9\.m2\repository\org\scala-lang\scala-library\2.11.12\scala-library-2.11.12.jar
2018-06-28 13:49:49.633+0000 INFO [o.n.k.i.DiagnosticsManager]  [classpath] C:\Users\keys9\.m2\repository\com\googlecode\concurrentlinkedhashmap\concurrentlinkedhashmap-lru\1.4.2\concurrentlinkedhashmap-lru-1.4.2.jar
2018-06-28 13:49:49.633+0000 INFO [o.n.k.i.DiagnosticsManager]  [classpath] C:\Users\keys9\.m2\repository\org\neo4j\neo4j-cypher-frontend-3.1\3.1.8\neo4j-cypher-frontend-3.1-3.1.8.jar
2018-06-28 13:49:49.633+0000 INFO [o.n.k.i.DiagnosticsManager]  [classpath] C:\Users\keys9\.m2\repository\org\neo4j\neo4j-values\3.3.6\neo4j-values-3.3.6.jar
2018-06-28 13:49:49.633+0000 INFO [o.n.k.i.DiagnosticsManager]  [classpath] C:\Users\keys9\.m2\repository\org\neo4j\neo4j-common\3.3.6\neo4j-common-3.3.6.jar
2018-06-28 13:49:49.633+0000 INFO [o.n.k.i.DiagnosticsManager]  [classpath] C:\Users\keys9\.m2\repository\org\apache\commons\commons-compress\1.12\commons-compress-1.12.jar
2018-06-28 13:49:49.633+0000 INFO [o.n.k.i.DiagnosticsManager]  [classpath] C:\Users\keys9\.m2\repository\org\neo4j\neo4j-cypher-ir-3.3\3.3.6\neo4j-cypher-ir-3.3-3.3.6.jar
2018-06-28 13:49:49.633+0000 INFO [o.n.k.i.DiagnosticsManager]  [classpath] C:\Users\keys9\.m2\repository\org\neo4j\neo4j-cypher-logical-plans-3.3\3.3.6\neo4j-cypher-logical-plans-3.3-3.3.6.jar
2018-06-28 13:49:49.633+0000 INFO [o.n.k.i.DiagnosticsManager]  [classpath] C:\Users\keys9\.m2\repository\org\neo4j\neo4j-unsafe\3.3.6\neo4j-unsafe-3.3.6.jar
2018-06-28 13:49:49.633+0000 INFO [o.n.k.i.DiagnosticsManager] Library path:
2018-06-28 13:49:49.635+0000 INFO [o.n.k.i.DiagnosticsManager] C:\Program Files\DevEnv\JDK\bin
2018-06-28 13:49:49.635+0000 INFO [o.n.k.i.DiagnosticsManager] C:\Windows\Sun\Java\bin
2018-06-28 13:49:49.636+0000 INFO [o.n.k.i.DiagnosticsManager] C:\Windows\System32
2018-06-28 13:49:49.636+0000 INFO [o.n.k.i.DiagnosticsManager] C:\Windows
2018-06-28 13:49:49.637+0000 INFO [o.n.k.i.DiagnosticsManager] C:\ProgramData\Oracle\Java\javapath
2018-06-28 13:49:49.638+0000 INFO [o.n.k.i.DiagnosticsManager] C:\Program Files (x86)\Intel\Intel(R) Management Engine Components\iCLS
2018-06-28 13:49:49.639+0000 INFO [o.n.k.i.DiagnosticsManager] C:\Program Files\Intel\Intel(R) Management Engine Components\iCLS
2018-06-28 13:49:49.640+0000 INFO [o.n.k.i.DiagnosticsManager] C:\Windows\System32
2018-06-28 13:49:49.640+0000 INFO [o.n.k.i.DiagnosticsManager] C:\Windows
2018-06-28 13:49:49.640+0000 INFO [o.n.k.i.DiagnosticsManager] C:\Windows\System32\wbem
2018-06-28 13:49:49.641+0000 INFO [o.n.k.i.DiagnosticsManager] C:\Windows\System32\WindowsPowerShell\v1.0
2018-06-28 13:49:49.642+0000 INFO [o.n.k.i.DiagnosticsManager] C:\Program Files (x86)\Intel\Intel(R) Management Engine Components\DAL
2018-06-28 13:49:49.643+0000 INFO [o.n.k.i.DiagnosticsManager] C:\Program Files\Intel\Intel(R) Management Engine Components\DAL
2018-06-28 13:49:49.643+0000 INFO [o.n.k.i.DiagnosticsManager] C:\Program Files (x86)\Intel\Intel(R) Management Engine Components\IPT
2018-06-28 13:49:49.644+0000 INFO [o.n.k.i.DiagnosticsManager] C:\Program Files\Intel\Intel(R) Management Engine Components\IPT
2018-06-28 13:49:49.645+0000 INFO [o.n.k.i.DiagnosticsManager] C:\Program Files\DevEnv\Git\cmd
2018-06-28 13:49:49.645+0000 INFO [o.n.k.i.DiagnosticsManager] C:\Program Files\DevEnv\JDK\bin
2018-06-28 13:49:49.646+0000 INFO [o.n.k.i.DiagnosticsManager] C:\Program Files\Java\jre-9.0.1\bin
2018-06-28 13:49:49.646+0000 INFO [o.n.k.i.DiagnosticsManager] C:\Program Files\DevEnv\Tomcat\bin
2018-06-28 13:49:49.647+0000 INFO [o.n.k.i.DiagnosticsManager] C:\Program Files\DevEnv\apache-maven-3.5.2\bin
2018-06-28 13:49:49.648+0000 INFO [o.n.k.i.DiagnosticsManager] C:\Program Files\DevEnv\MinGW\bin
2018-06-28 13:49:49.649+0000 INFO [o.n.k.i.DiagnosticsManager] C:\Program Files\DevEnv\MySQL\MySQLServer\bin
2018-06-28 13:49:49.649+0000 INFO [o.n.k.i.DiagnosticsManager] C:\Windows\System32\OpenSSH
2018-06-28 13:49:49.650+0000 INFO [o.n.k.i.DiagnosticsManager] C:\Program Files\DevEnv\GnuWin32\bin
2018-06-28 13:49:49.651+0000 INFO [o.n.k.i.DiagnosticsManager] C:\Program Files\DevEnv\Go\bin
2018-06-28 13:49:49.652+0000 INFO [o.n.k.i.DiagnosticsManager] C:\Program Files (x86)\DevEnv\Python\Scripts
2018-06-28 13:49:49.652+0000 INFO [o.n.k.i.DiagnosticsManager] C:\Program Files (x86)\DevEnv\Python
2018-06-28 13:49:49.654+0000 INFO [o.n.k.i.DiagnosticsManager] C:\Users\keys9\AppData\Local\Microsoft\WindowsApps
2018-06-28 13:49:49.655+0000 INFO [o.n.k.i.DiagnosticsManager] C:\Users\keys9\Documents\Projects\Demo
2018-06-28 13:49:49.655+0000 INFO [o.n.k.i.DiagnosticsManager] C:\Program Files\Microsoft VS Code\bin
2018-06-28 13:49:49.656+0000 INFO [o.n.k.i.DiagnosticsManager] C:\Users\keys9\go\bin
2018-06-28 13:49:49.657+0000 INFO [o.n.k.i.DiagnosticsManager] C:\Users\keys9\Documents\Projects\Demo
2018-06-28 13:49:49.657+0000 INFO [o.n.k.i.DiagnosticsManager] System.properties:
2018-06-28 13:49:49.657+0000 INFO [o.n.k.i.DiagnosticsManager] sun.desktop = windows
2018-06-28 13:49:49.657+0000 INFO [o.n.k.i.DiagnosticsManager] awt.toolkit = sun.awt.windows.WToolkit
2018-06-28 13:49:49.657+0000 INFO [o.n.k.i.DiagnosticsManager] file.encoding.pkg = sun.io
2018-06-28 13:49:49.657+0000 INFO [o.n.k.i.DiagnosticsManager] sun.cpu.isalist = amd64
2018-06-28 13:49:49.657+0000 INFO [o.n.k.i.DiagnosticsManager] sun.jnu.encoding = GBK
2018-06-28 13:49:49.657+0000 INFO [o.n.k.i.DiagnosticsManager] sun.arch.data.model = 64
2018-06-28 13:49:49.657+0000 INFO [o.n.k.i.DiagnosticsManager] user.variant = 
2018-06-28 13:49:49.657+0000 INFO [o.n.k.i.DiagnosticsManager] user.timezone = Asia/Shanghai
2018-06-28 13:49:49.657+0000 INFO [o.n.k.i.DiagnosticsManager] sun.java.launcher = SUN_STANDARD
2018-06-28 13:49:49.657+0000 INFO [o.n.k.i.DiagnosticsManager] user.country = CN
2018-06-28 13:49:49.658+0000 INFO [o.n.k.i.DiagnosticsManager] sun.boot.library.path = C:\Program Files\DevEnv\JDK\bin
2018-06-28 13:49:49.658+0000 INFO [o.n.k.i.DiagnosticsManager] sun.java.command = org.yejt.Demo
2018-06-28 13:49:49.658+0000 INFO [o.n.k.i.DiagnosticsManager] jdk.debug = release
2018-06-28 13:49:49.658+0000 INFO [o.n.k.i.DiagnosticsManager] sun.cpu.endian = little
2018-06-28 13:49:49.658+0000 INFO [o.n.k.i.DiagnosticsManager] user.home = C:\Users\keys9
2018-06-28 13:49:49.658+0000 INFO [o.n.k.i.DiagnosticsManager] user.language = zh
2018-06-28 13:49:49.658+0000 INFO [o.n.k.i.DiagnosticsManager] file.separator = \
2018-06-28 13:49:49.658+0000 INFO [o.n.k.i.DiagnosticsManager] user.script = 
2018-06-28 13:49:49.658+0000 INFO [o.n.k.i.DiagnosticsManager] sun.management.compiler = HotSpot 64-Bit Tiered Compilers
2018-06-28 13:49:49.658+0000 INFO [o.n.k.i.DiagnosticsManager] user.name = keys9
2018-06-28 13:49:49.658+0000 INFO [o.n.k.i.DiagnosticsManager] path.separator = ;
2018-06-28 13:49:49.658+0000 INFO [o.n.k.i.DiagnosticsManager] file.encoding = UTF-8
2018-06-28 13:49:49.658+0000 INFO [o.n.k.i.DiagnosticsManager] user.dir = C:\Users\keys9\Documents\Projects\Demo
2018-06-28 13:49:49.658+0000 INFO [o.n.k.i.DiagnosticsManager] sun.os.patch.level = 
2018-06-28 13:49:49.658+0000 INFO [o.n.k.i.DiagnosticsManager] sun.io.unicode.encoding = UnicodeLittle
2018-06-28 13:49:49.658+0000 INFO [o.n.k.i.DiagnosticsManager] Network information:
2018-06-28 13:49:49.740+0000 INFO [o.n.k.i.DiagnosticsManager] Interface Software Loopback Interface 1:
2018-06-28 13:49:49.740+0000 INFO [o.n.k.i.DiagnosticsManager]     address: 127.0.0.1
2018-06-28 13:49:49.740+0000 INFO [o.n.k.i.DiagnosticsManager]     address: 0:0:0:0:0:0:0:1
2018-06-28 13:49:49.740+0000 INFO [o.n.k.i.DiagnosticsManager] Interface Microsoft 6to4 Adapter:
2018-06-28 13:49:49.740+0000 INFO [o.n.k.i.DiagnosticsManager] Interface Sangfor SSL VPN CS Support System VNIC:
2018-06-28 13:49:49.740+0000 INFO [o.n.k.i.DiagnosticsManager] Interface WAN Miniport (IPv6):
2018-06-28 13:49:49.741+0000 INFO [o.n.k.i.DiagnosticsManager] Interface Microsoft IP-HTTPS Platform Adapter:
2018-06-28 13:49:49.741+0000 INFO [o.n.k.i.DiagnosticsManager] Interface Bluetooth Device (RFCOMM Protocol TDI):
2018-06-28 13:49:49.741+0000 INFO [o.n.k.i.DiagnosticsManager] Interface WAN Miniport (PPTP):
2018-06-28 13:49:49.741+0000 INFO [o.n.k.i.DiagnosticsManager] Interface Intel(R) Dual Band Wireless-AC 3165:
2018-06-28 13:49:49.741+0000 INFO [o.n.k.i.DiagnosticsManager]     address: 192.168.43.107
2018-06-28 13:49:49.741+0000 INFO [o.n.k.i.DiagnosticsManager]     address: fe80:0:0:0:f457:2d0:4836:10e9%wlan0
2018-06-28 13:49:49.741+0000 INFO [o.n.k.i.DiagnosticsManager] Interface Bluetooth Device (Personal Area Network) #2:
2018-06-28 13:49:49.741+0000 INFO [o.n.k.i.DiagnosticsManager] Interface WAN Miniport (IKEv2):
2018-06-28 13:49:49.741+0000 INFO [o.n.k.i.DiagnosticsManager] Interface Realtek USB GbE Family Controller:
2018-06-28 13:49:49.741+0000 INFO [o.n.k.i.DiagnosticsManager] Interface Microsoft Kernel Debug Network Adapter:
2018-06-28 13:49:49.741+0000 INFO [o.n.k.i.DiagnosticsManager] Interface Microsoft Teredo Tunneling Adapter:
2018-06-28 13:49:49.741+0000 INFO [o.n.k.i.DiagnosticsManager] Interface WAN Miniport (IP):
2018-06-28 13:49:49.741+0000 INFO [o.n.k.i.DiagnosticsManager] Interface WAN Miniport (SSTP):
2018-06-28 13:49:49.741+0000 INFO [o.n.k.i.DiagnosticsManager] Interface RAS Async Adapter:
2018-06-28 13:49:49.741+0000 INFO [o.n.k.i.DiagnosticsManager] Interface Microsoft Wi-Fi Direct Virtual Adapter #2:
2018-06-28 13:49:49.741+0000 INFO [o.n.k.i.DiagnosticsManager]     address: fe80:0:0:0:945:4d8c:e57c:63b7%wlan1
2018-06-28 13:49:49.741+0000 INFO [o.n.k.i.DiagnosticsManager] Interface WAN Miniport (PPPOE):
2018-06-28 13:49:49.741+0000 INFO [o.n.k.i.DiagnosticsManager] Interface Bluetooth Device (Personal Area Network):
2018-06-28 13:49:49.741+0000 INFO [o.n.k.i.DiagnosticsManager] Interface Microsoft Wi-Fi Direct Virtual Adapter:
2018-06-28 13:49:49.741+0000 INFO [o.n.k.i.DiagnosticsManager]     address: fe80:0:0:0:c1eb:f9a8:1779:8491%wlan2
2018-06-28 13:49:49.741+0000 INFO [o.n.k.i.DiagnosticsManager] Interface WAN Miniport (L2TP):
2018-06-28 13:49:49.741+0000 INFO [o.n.k.i.DiagnosticsManager] Interface WAN Miniport (Network Monitor):
2018-06-28 13:49:49.741+0000 INFO [o.n.k.i.DiagnosticsManager] Interface Intel(R) Dual Band Wireless-AC 3165-WFP Native MAC Layer LightWeight Filter-0000:
2018-06-28 13:49:49.741+0000 INFO [o.n.k.i.DiagnosticsManager] Interface Intel(R) Dual Band Wireless-AC 3165-Virtual WiFi Filter Driver-0000:
2018-06-28 13:49:49.742+0000 INFO [o.n.k.i.DiagnosticsManager] Interface Intel(R) Dual Band Wireless-AC 3165-Native WiFi Filter Driver-0000:
2018-06-28 13:49:49.742+0000 INFO [o.n.k.i.DiagnosticsManager] Interface Intel(R) Dual Band Wireless-AC 3165-QoS Packet Scheduler-0000:
2018-06-28 13:49:49.742+0000 INFO [o.n.k.i.DiagnosticsManager] Interface Intel(R) Dual Band Wireless-AC 3165-WFP 802.3 MAC Layer LightWeight Filter-0000:
2018-06-28 13:49:49.742+0000 INFO [o.n.k.i.DiagnosticsManager] Interface Microsoft Wi-Fi Direct Virtual Adapter-WFP Native MAC Layer LightWeight Filter-0000:
2018-06-28 13:49:49.742+0000 INFO [o.n.k.i.DiagnosticsManager] Interface Microsoft Wi-Fi Direct Virtual Adapter-Native WiFi Filter Driver-0000:
2018-06-28 13:49:49.742+0000 INFO [o.n.k.i.DiagnosticsManager] Interface WAN Miniport (IP)-WFP Native MAC Layer LightWeight Filter-0000:
2018-06-28 13:49:49.742+0000 INFO [o.n.k.i.DiagnosticsManager] Interface WAN Miniport (IP)-QoS Packet Scheduler-0000:
2018-06-28 13:49:49.742+0000 INFO [o.n.k.i.DiagnosticsManager] Interface WAN Miniport (IPv6)-WFP Native MAC Layer LightWeight Filter-0000:
2018-06-28 13:49:49.742+0000 INFO [o.n.k.i.DiagnosticsManager] Interface WAN Miniport (IPv6)-QoS Packet Scheduler-0000:
2018-06-28 13:49:49.742+0000 INFO [o.n.k.i.DiagnosticsManager] Interface WAN Miniport (Network Monitor)-WFP Native MAC Layer LightWeight Filter-0000:
2018-06-28 13:49:49.742+0000 INFO [o.n.k.i.DiagnosticsManager] Interface WAN Miniport (Network Monitor)-QoS Packet Scheduler-0000:
2018-06-28 13:49:49.742+0000 INFO [o.n.k.i.DiagnosticsManager] Interface Microsoft Wi-Fi Direct Virtual Adapter-QoS Packet Scheduler-0000:
2018-06-28 13:49:49.742+0000 INFO [o.n.k.i.DiagnosticsManager] Interface Microsoft Wi-Fi Direct Virtual Adapter-WFP 802.3 MAC Layer LightWeight Filter-0000:
2018-06-28 13:49:49.742+0000 INFO [o.n.k.i.DiagnosticsManager] Interface Microsoft Wi-Fi Direct Virtual Adapter #2-WFP Native MAC Layer LightWeight Filter-0000:
2018-06-28 13:49:49.742+0000 INFO [o.n.k.i.DiagnosticsManager] Interface Microsoft Wi-Fi Direct Virtual Adapter #2-Native WiFi Filter Driver-0000:
2018-06-28 13:49:49.742+0000 INFO [o.n.k.i.DiagnosticsManager] Interface Microsoft Wi-Fi Direct Virtual Adapter #2-QoS Packet Scheduler-0000:
2018-06-28 13:49:49.742+0000 INFO [o.n.k.i.DiagnosticsManager] Interface Microsoft Wi-Fi Direct Virtual Adapter #2-WFP 802.3 MAC Layer LightWeight Filter-0000:
2018-06-28 13:49:49.742+0000 INFO [o.n.k.i.DiagnosticsManager] --- INITIALIZED diagnostics END ---
2018-06-28 13:49:49.918+0000 INFO [o.n.k.i.s.f.RecordFormatSelector] Selected format 'RecordFormat:StandardV3_2[v0.A.8]' for the new store
2018-06-28 13:49:50.564+0000 INFO [o.n.k.i.a.i.IndexingService] IndexingService.init: indexes not specifically mentioned above are null
2018-06-28 13:49:50.568+0000 INFO [o.n.k.i.i.l.NativeLabelScanStore] No scan store found, this might just be first use. Preparing to rebuild.
2018-06-28 13:49:50.600+0000 INFO [o.n.k.NeoStoreDataSource] Opened logical log [C:\Users\keys9\Documents\Projects\Demo\data\neostore.transaction.db.0] version=0, lastTxId=1 (clean)
2018-06-28 13:49:50.601+0000 INFO [o.n.k.NeoStoreDataSource] No commits found after last check point (which is at <no log position given>)
2018-06-28 13:49:50.607+0000 WARN [o.n.k.i.s.MetaDataStore] Missing counts store, rebuilding it.
2018-06-28 13:49:50.688+0000 WARN [o.n.k.i.s.MetaDataStore] Counts store rebuild completed.
2018-06-28 13:49:50.706+0000 INFO [o.n.k.i.a.i.IndexingService] IndexingService.start: indexes not specifically mentioned above are null
2018-06-28 13:49:50.707+0000 INFO [o.n.k.i.i.l.NativeLabelScanStore] Rebuilding scan store, this may take a while
2018-06-28 13:49:50.719+0000 INFO [o.n.k.i.i.l.NativeLabelScanStore] Scan store rebuilt (roughly 0 nodes)
2018-06-28 13:49:50.727+0000 INFO [o.n.k.i.DatabaseHealth] Database health set to OK
2018-06-28 13:49:51.112+0000 INFO [o.n.k.AvailabilityGuard] Fulfilling of requirement makes database available: Database available
2018-06-28 13:49:51.113+0000 INFO [o.n.k.i.f.GraphDatabaseFacadeFactory] Database is now ready
2018-06-28 13:49:51.115+0000 INFO [o.n.k.i.DiagnosticsManager] --- STARTED diagnostics for KernelDiagnostics:Versions START ---
2018-06-28 13:49:51.116+0000 INFO [o.n.k.i.DiagnosticsManager] Graph Database: community single StoreId{creationTime=1530193790337, randomId=-9101159565542849783, storeVersion=15813456178476550, upgradeTime=1530193790337, upgradeId=1}
2018-06-28 13:49:51.117+0000 INFO [o.n.k.i.DiagnosticsManager] Kernel version: 3.3.6,d24a757624533622cd8f480c39556cdda84fccaf
2018-06-28 13:49:51.117+0000 INFO [o.n.k.i.DiagnosticsManager] --- STARTED diagnostics for KernelDiagnostics:Versions END ---
2018-06-28 13:49:51.120+0000 INFO [o.n.k.i.DiagnosticsManager] --- STARTED diagnostics for NEO_STORE_VERSIONS START ---
2018-06-28 13:49:51.121+0000 INFO [o.n.k.i.DiagnosticsManager] Store versions:
2018-06-28 13:49:51.121+0000 INFO [o.n.k.i.DiagnosticsManager] Store versions:
2018-06-28 13:49:51.122+0000 INFO [o.n.k.i.DiagnosticsManager]   ArrayPropertyStore v0.A.8
2018-06-28 13:49:51.122+0000 INFO [o.n.k.i.DiagnosticsManager]   NodeStore v0.A.8
2018-06-28 13:49:51.123+0000 INFO [o.n.k.i.DiagnosticsManager]   StringPropertyStore v0.A.8
2018-06-28 13:49:51.124+0000 INFO [o.n.k.i.DiagnosticsManager]   PropertyIndexStore v0.A.8
2018-06-28 13:49:51.124+0000 INFO [o.n.k.i.DiagnosticsManager]   StringPropertyStore v0.A.8
2018-06-28 13:49:51.125+0000 INFO [o.n.k.i.DiagnosticsManager]   ArrayPropertyStore v0.A.8
2018-06-28 13:49:51.125+0000 INFO [o.n.k.i.DiagnosticsManager]   PropertyStore v0.A.8
2018-06-28 13:49:51.126+0000 INFO [o.n.k.i.DiagnosticsManager]   RelationshipStore v0.A.8
2018-06-28 13:49:51.127+0000 INFO [o.n.k.i.DiagnosticsManager]   StringPropertyStore v0.A.8
2018-06-28 13:49:51.127+0000 INFO [o.n.k.i.DiagnosticsManager]   RelationshipTypeStore v0.A.8
2018-06-28 13:49:51.128+0000 INFO [o.n.k.i.DiagnosticsManager]   StringPropertyStore v0.A.8
2018-06-28 13:49:51.129+0000 INFO [o.n.k.i.DiagnosticsManager]   LabelTokenStore v0.A.8
2018-06-28 13:49:51.129+0000 INFO [o.n.k.i.DiagnosticsManager]   SchemaStore v0.A.8
2018-06-28 13:49:51.130+0000 INFO [o.n.k.i.DiagnosticsManager]   RelationshipGroupStore v0.A.8
2018-06-28 13:49:51.130+0000 INFO [o.n.k.i.DiagnosticsManager]   NeoStore v0.A.8
2018-06-28 13:49:51.131+0000 INFO [o.n.k.i.DiagnosticsManager] --- STARTED diagnostics for NEO_STORE_VERSIONS END ---
2018-06-28 13:49:51.132+0000 INFO [o.n.k.i.DiagnosticsManager] --- STARTED diagnostics for NEO_STORE_ID_USAGE START ---
2018-06-28 13:49:51.133+0000 INFO [o.n.k.i.DiagnosticsManager] Id usage:
2018-06-28 13:49:51.134+0000 INFO [o.n.k.i.DiagnosticsManager] Id usage:
2018-06-28 13:49:51.134+0000 INFO [o.n.k.i.DiagnosticsManager]   ArrayPropertyStore: used=1 high=0
2018-06-28 13:49:51.135+0000 INFO [o.n.k.i.DiagnosticsManager]   NodeStore: used=0 high=-1
2018-06-28 13:49:51.136+0000 INFO [o.n.k.i.DiagnosticsManager]   StringPropertyStore: used=1 high=0
2018-06-28 13:49:51.137+0000 INFO [o.n.k.i.DiagnosticsManager]   PropertyIndexStore: used=0 high=-1
2018-06-28 13:49:51.137+0000 INFO [o.n.k.i.DiagnosticsManager]   StringPropertyStore: used=1 high=0
2018-06-28 13:49:51.138+0000 INFO [o.n.k.i.DiagnosticsManager]   ArrayPropertyStore: used=1 high=0
2018-06-28 13:49:51.139+0000 INFO [o.n.k.i.DiagnosticsManager]   PropertyStore: used=0 high=-1
2018-06-28 13:49:51.139+0000 INFO [o.n.k.i.DiagnosticsManager]   RelationshipStore: used=0 high=-1
2018-06-28 13:49:51.140+0000 INFO [o.n.k.i.DiagnosticsManager]   StringPropertyStore: used=1 high=0
2018-06-28 13:49:51.140+0000 INFO [o.n.k.i.DiagnosticsManager]   RelationshipTypeStore: used=0 high=-1
2018-06-28 13:49:51.141+0000 INFO [o.n.k.i.DiagnosticsManager]   StringPropertyStore: used=1 high=0
2018-06-28 13:49:51.141+0000 INFO [o.n.k.i.DiagnosticsManager]   LabelTokenStore: used=0 high=-1
2018-06-28 13:49:51.142+0000 INFO [o.n.k.i.DiagnosticsManager]   SchemaStore: used=1 high=0
2018-06-28 13:49:51.142+0000 INFO [o.n.k.i.DiagnosticsManager]   RelationshipGroupStore: used=1 high=0
2018-06-28 13:49:51.143+0000 INFO [o.n.k.i.DiagnosticsManager]   NeoStore: used=15 high=14
2018-06-28 13:49:51.144+0000 INFO [o.n.k.i.DiagnosticsManager] --- STARTED diagnostics for NEO_STORE_ID_USAGE END ---
2018-06-28 13:49:51.144+0000 INFO [o.n.k.i.DiagnosticsManager] --- STARTED diagnostics for NEO_STORE_RECORDS START ---
2018-06-28 13:49:51.145+0000 INFO [o.n.k.i.DiagnosticsManager] Neostore records:
2018-06-28 13:49:51.146+0000 INFO [o.n.k.i.DiagnosticsManager] TIME (Creation time): 1530193790337
2018-06-28 13:49:51.146+0000 INFO [o.n.k.i.DiagnosticsManager] RANDOM_NUMBER (Random number for store id): -9101159565542849783
2018-06-28 13:49:51.147+0000 INFO [o.n.k.i.DiagnosticsManager] LOG_VERSION (Current log version): 0
2018-06-28 13:49:51.148+0000 INFO [o.n.k.i.DiagnosticsManager] LAST_TRANSACTION_ID (Last committed transaction): 1
2018-06-28 13:49:51.148+0000 INFO [o.n.k.i.DiagnosticsManager] STORE_VERSION (Store format version): 15813456178476550
2018-06-28 13:49:51.149+0000 INFO [o.n.k.i.DiagnosticsManager] FIRST_GRAPH_PROPERTY (First property record containing graph properties): -1
2018-06-28 13:49:51.149+0000 INFO [o.n.k.i.DiagnosticsManager] LAST_CONSTRAINT_TRANSACTION (Last committed transaction containing constraint changes): 0
2018-06-28 13:49:51.150+0000 INFO [o.n.k.i.DiagnosticsManager] UPGRADE_TRANSACTION_ID (Transaction id most recent upgrade was performed at): 1
2018-06-28 13:49:51.151+0000 INFO [o.n.k.i.DiagnosticsManager] UPGRADE_TIME (Time of last upgrade): 1530193790337
2018-06-28 13:49:51.151+0000 INFO [o.n.k.i.DiagnosticsManager] LAST_TRANSACTION_CHECKSUM (Checksum of last committed transaction): 0
2018-06-28 13:49:51.152+0000 INFO [o.n.k.i.DiagnosticsManager] UPGRADE_TRANSACTION_CHECKSUM (Checksum of transaction id the most recent upgrade was performed at): 0
2018-06-28 13:49:51.152+0000 INFO [o.n.k.i.DiagnosticsManager] LAST_CLOSED_TRANSACTION_LOG_VERSION (Log version where the last transaction commit entry has been written into): 0
2018-06-28 13:49:51.156+0000 INFO [o.n.k.i.DiagnosticsManager] LAST_CLOSED_TRANSACTION_LOG_BYTE_OFFSET (Byte offset in the log file where the last transaction commit entry has been written into): 16
2018-06-28 13:49:51.156+0000 INFO [o.n.k.i.DiagnosticsManager] LAST_TRANSACTION_COMMIT_TIMESTAMP (Commit time timestamp for last committed transaction): 0
2018-06-28 13:49:51.157+0000 INFO [o.n.k.i.DiagnosticsManager] UPGRADE_TRANSACTION_COMMIT_TIMESTAMP (Commit timestamp of transaction the most recent upgrade was performed at): 0
2018-06-28 13:49:51.157+0000 INFO [o.n.k.i.DiagnosticsManager] --- STARTED diagnostics for NEO_STORE_RECORDS END ---
2018-06-28 13:49:51.159+0000 INFO [o.n.k.i.DiagnosticsManager] --- STARTED diagnostics for TRANSACTION_RANGE START ---
2018-06-28 13:49:51.160+0000 INFO [o.n.k.i.DiagnosticsManager] Transaction log:
2018-06-28 13:49:51.161+0000 INFO [o.n.k.i.DiagnosticsManager] No transactions found in any log
2018-06-28 13:49:51.162+0000 INFO [o.n.k.i.DiagnosticsManager] --- STARTED diagnostics for TRANSACTION_RANGE END ---
2018-06-28 13:49:51.166+0000 INFO [o.n.k.i.DiagnosticsManager] --- STARTED diagnostics for KernelDiagnostics:StoreFiles START ---
2018-06-28 13:49:51.170+0000 INFO [o.n.k.i.DiagnosticsManager] Disk space on partition (Total / Free / Free %): 241958907904 / 161907310592 / 66
2018-06-28 13:49:51.170+0000 INFO [o.n.k.i.DiagnosticsManager] Storage files: (filename : modification date - size)
2018-06-28 13:49:51.172+0000 INFO [o.n.k.i.DiagnosticsManager]   index:
2018-06-28 13:49:51.174+0000 INFO [o.n.k.i.DiagnosticsManager]   - Total: 2018-06-28T21:49:50+0800 - 0.00 B
2018-06-28 13:49:51.175+0000 INFO [o.n.k.i.DiagnosticsManager]   logs:
2018-06-28 13:49:51.176+0000 INFO [o.n.k.i.DiagnosticsManager]     debug.log: 2018-06-28T21:49:48+0800 - 36.62 kB
2018-06-28 13:49:51.177+0000 INFO [o.n.k.i.DiagnosticsManager]   - Total: 2018-06-28T21:49:48+0800 - 36.62 kB
2018-06-28 13:49:51.178+0000 INFO [o.n.k.i.DiagnosticsManager]   neostore: 2018-06-28T21:49:50+0800 - 8.00 kB
2018-06-28 13:49:51.179+0000 INFO [o.n.k.i.DiagnosticsManager]   neostore.counts.db.a: 2018-06-28T21:49:50+0800 - 96.00 B
2018-06-28 13:49:51.180+0000 INFO [o.n.k.i.DiagnosticsManager]   neostore.id: 2018-06-28T21:49:50+0800 - 9.00 B
2018-06-28 13:49:51.180+0000 INFO [o.n.k.i.DiagnosticsManager]   neostore.labelscanstore.db: 2018-06-28T21:49:50+0800 - 40.00 kB
2018-06-28 13:49:51.181+0000 INFO [o.n.k.i.DiagnosticsManager]   neostore.labeltokenstore.db: 2018-06-28T21:49:50+0800 - 0.00 B
2018-06-28 13:49:51.182+0000 INFO [o.n.k.i.DiagnosticsManager]   neostore.labeltokenstore.db.id: 2018-06-28T21:49:50+0800 - 9.00 B
2018-06-28 13:49:51.183+0000 INFO [o.n.k.i.DiagnosticsManager]   neostore.labeltokenstore.db.names: 2018-06-28T21:49:50+0800 - 8.00 kB
2018-06-28 13:49:51.184+0000 INFO [o.n.k.i.DiagnosticsManager]   neostore.labeltokenstore.db.names.id: 2018-06-28T21:49:50+0800 - 9.00 B
2018-06-28 13:49:51.185+0000 INFO [o.n.k.i.DiagnosticsManager]   neostore.nodestore.db: 2018-06-28T21:49:50+0800 - 0.00 B
2018-06-28 13:49:51.186+0000 INFO [o.n.k.i.DiagnosticsManager]   neostore.nodestore.db.id: 2018-06-28T21:49:50+0800 - 9.00 B
2018-06-28 13:49:51.186+0000 INFO [o.n.k.i.DiagnosticsManager]   neostore.nodestore.db.labels: 2018-06-28T21:49:49+0800 - 8.00 kB
2018-06-28 13:49:51.187+0000 INFO [o.n.k.i.DiagnosticsManager]   neostore.nodestore.db.labels.id: 2018-06-28T21:49:50+0800 - 9.00 B
2018-06-28 13:49:51.188+0000 INFO [o.n.k.i.DiagnosticsManager]   neostore.propertystore.db: 2018-06-28T21:49:50+0800 - 0.00 B
2018-06-28 13:49:51.189+0000 INFO [o.n.k.i.DiagnosticsManager]   neostore.propertystore.db.arrays: 2018-06-28T21:49:50+0800 - 8.00 kB
2018-06-28 13:49:51.190+0000 INFO [o.n.k.i.DiagnosticsManager]   neostore.propertystore.db.arrays.id: 2018-06-28T21:49:50+0800 - 9.00 B
2018-06-28 13:49:51.191+0000 INFO [o.n.k.i.DiagnosticsManager]   neostore.propertystore.db.id: 2018-06-28T21:49:50+0800 - 9.00 B
2018-06-28 13:49:51.192+0000 INFO [o.n.k.i.DiagnosticsManager]   neostore.propertystore.db.index: 2018-06-28T21:49:50+0800 - 0.00 B
2018-06-28 13:49:51.193+0000 INFO [o.n.k.i.DiagnosticsManager]   neostore.propertystore.db.index.id: 2018-06-28T21:49:50+0800 - 9.00 B
2018-06-28 13:49:51.193+0000 INFO [o.n.k.i.DiagnosticsManager]   neostore.propertystore.db.index.keys: 2018-06-28T21:49:50+0800 - 8.00 kB
2018-06-28 13:49:51.194+0000 INFO [o.n.k.i.DiagnosticsManager]   neostore.propertystore.db.index.keys.id: 2018-06-28T21:49:50+0800 - 9.00 B
2018-06-28 13:49:51.195+0000 INFO [o.n.k.i.DiagnosticsManager]   neostore.propertystore.db.strings: 2018-06-28T21:49:50+0800 - 8.00 kB
2018-06-28 13:49:51.196+0000 INFO [o.n.k.i.DiagnosticsManager]   neostore.propertystore.db.strings.id: 2018-06-28T21:49:50+0800 - 9.00 B
2018-06-28 13:49:51.197+0000 INFO [o.n.k.i.DiagnosticsManager]   neostore.relationshipgroupstore.db: 2018-06-28T21:49:50+0800 - 8.00 kB
2018-06-28 13:49:51.198+0000 INFO [o.n.k.i.DiagnosticsManager]   neostore.relationshipgroupstore.db.id: 2018-06-28T21:49:50+0800 - 9.00 B
2018-06-28 13:49:51.199+0000 INFO [o.n.k.i.DiagnosticsManager]   neostore.relationshipstore.db: 2018-06-28T21:49:50+0800 - 0.00 B
2018-06-28 13:49:51.200+0000 INFO [o.n.k.i.DiagnosticsManager]   neostore.relationshipstore.db.id: 2018-06-28T21:49:50+0800 - 9.00 B
2018-06-28 13:49:51.201+0000 INFO [o.n.k.i.DiagnosticsManager]   neostore.relationshiptypestore.db: 2018-06-28T21:49:50+0800 - 0.00 B
2018-06-28 13:49:51.201+0000 INFO [o.n.k.i.DiagnosticsManager]   neostore.relationshiptypestore.db.id: 2018-06-28T21:49:50+0800 - 9.00 B
2018-06-28 13:49:51.202+0000 INFO [o.n.k.i.DiagnosticsManager]   neostore.relationshiptypestore.db.names: 2018-06-28T21:49:50+0800 - 8.00 kB
2018-06-28 13:49:51.203+0000 INFO [o.n.k.i.DiagnosticsManager]   neostore.relationshiptypestore.db.names.id: 2018-06-28T21:49:50+0800 - 9.00 B
2018-06-28 13:49:51.204+0000 INFO [o.n.k.i.DiagnosticsManager]   neostore.schemastore.db: 2018-06-28T21:49:50+0800 - 8.00 kB
2018-06-28 13:49:51.205+0000 INFO [o.n.k.i.DiagnosticsManager]   neostore.schemastore.db.id: 2018-06-28T21:49:50+0800 - 9.00 B
2018-06-28 13:49:51.206+0000 INFO [o.n.k.i.DiagnosticsManager]   neostore.transaction.db.0: 2018-06-28T21:49:50+0800 - 16.00 B
2018-06-28 13:49:51.207+0000 INFO [o.n.k.i.DiagnosticsManager]   store_lock: 2018-06-28T21:49:49+0800 - 0.00 B
2018-06-28 13:49:51.207+0000 INFO [o.n.k.i.DiagnosticsManager] Storage summary: 
2018-06-28 13:49:51.208+0000 INFO [o.n.k.i.DiagnosticsManager]   Total size of store: 148.86 kB
2018-06-28 13:49:51.209+0000 INFO [o.n.k.i.DiagnosticsManager]   Total size of mapped files: 112.00 kB
2018-06-28 13:49:51.209+0000 INFO [o.n.k.i.DiagnosticsManager] --- STARTED diagnostics for KernelDiagnostics:StoreFiles END ---
2018-06-28 13:49:51.354+0000 INFO [o.n.k.i.f.GraphDatabaseFacadeFactory] Shutdown started
2018-06-28 13:49:51.355+0000 INFO [o.n.k.i.f.GraphDatabaseFacadeFactory] Database is now unavailable
2018-06-28 13:49:51.360+0000 INFO [o.n.k.i.t.l.c.CheckPointerImpl] Check Pointing triggered by database shutdown [7]:  Starting check pointing...
2018-06-28 13:49:51.360+0000 INFO [o.n.k.i.t.l.c.CheckPointerImpl] Check Pointing triggered by database shutdown [7]:  Starting store flush...
2018-06-28 13:49:51.370+0000 INFO [o.n.k.i.s.c.CountsTracker] About to rotate counts store at transaction 7 to [C:\Users\keys9\Documents\Projects\Demo\data\neostore.counts.db.b], from [C:\Users\keys9\Documents\Projects\Demo\data\neostore.counts.db.a].
2018-06-28 13:49:51.375+0000 INFO [o.n.k.i.s.c.CountsTracker] Successfully rotated counts store at transaction 7 to [C:\Users\keys9\Documents\Projects\Demo\data\neostore.counts.db.b], from [C:\Users\keys9\Documents\Projects\Demo\data\neostore.counts.db.a].
2018-06-28 13:49:51.407+0000 INFO [o.n.k.i.t.l.c.CheckPointerImpl] Check Pointing triggered by database shutdown [7]:  Store flush completed
2018-06-28 13:49:51.408+0000 INFO [o.n.k.i.t.l.c.CheckPointerImpl] Check Pointing triggered by database shutdown [7]:  Starting appending check point entry into the tx log...
2018-06-28 13:49:51.411+0000 INFO [o.n.k.i.t.l.c.CheckPointerImpl] Check Pointing triggered by database shutdown [7]:  Appending check point entry into the tx log completed
2018-06-28 13:49:51.412+0000 INFO [o.n.k.i.t.l.c.CheckPointerImpl] Check Pointing triggered by database shutdown [7]:  Check pointing completed
2018-06-28 13:49:51.414+0000 INFO [o.n.k.i.t.l.p.LogPruningImpl] Log Rotation [0]:  Starting log pruning.
2018-06-28 13:49:51.417+0000 INFO [o.n.k.i.t.l.p.LogPruningImpl] Log Rotation [0]:  Log pruning complete.
2018-06-28 13:49:51.556+0000 INFO [o.n.k.i.DiagnosticsManager] --- STOPPING diagnostics START ---
2018-06-28 13:49:51.556+0000 INFO [o.n.k.i.DiagnosticsManager] --- STOPPING diagnostics END ---
